<?xml version="1.0" encoding="UTF-8"?>
<!-- Generated by org.testng.reporters.JUnitReportReporter -->
<testsuite hostname="DESKTOP-6O6VN48" name="Negativeburpp.Settings" tests="4" failures="0" timestamp="26 Oct 2016 08:29:22 GMT" time="205.146" errors="0">
  <testcase name="taxes" time="50.624" classname="Negativeburpp.Settings"/>
  <testcase name="billing" time="27.464" classname="Negativeburpp.Settings"/>
  <testcase name="tables" time="100.063" classname="Negativeburpp.Settings"/>
  <testcase name="currency" time="26.995" classname="Negativeburpp.Settings"/>
</testsuite> <!-- Negativeburpp.Settings -->
