<?xml version="1.0" encoding="UTF-8"?>
<!-- Generated by org.testng.reporters.JUnitReportReporter -->
<testsuite hostname="DESKTOP-6O6VN48" name="Negativeburpp.Bills" tests="1" failures="0" timestamp="26 Oct 2016 09:07:39 GMT" time="17.920" errors="0">
  <testcase name="f" time="17.920" classname="Negativeburpp.Bills"/>
</testsuite> <!-- Negativeburpp.Bills -->
