<?xml version="1.0" encoding="UTF-8"?>
<!-- Generated by org.testng.reporters.JUnitReportReporter -->
<testsuite hostname="DESKTOP-6O6VN48" name="Negativeburpp.Bills" tests="1" failures="0" timestamp="26 Oct 2016 08:23:56 GMT" time="19.600" errors="0">
  <testcase name="f" time="19.600" classname="Negativeburpp.Bills"/>
</testsuite> <!-- Negativeburpp.Bills -->
