<?xml version="1.0" encoding="UTF-8"?>
<!-- Generated by org.testng.reporters.JUnitReportReporter -->
<testsuite hostname="DESKTOP-6O6VN48" name="Negativeburpp.Users" tests="1" failures="0" timestamp="26 Oct 2016 08:56:09 GMT" time="7.246" errors="0">
  <testcase name="f" time="7.246" classname="Negativeburpp.Users"/>
</testsuite> <!-- Negativeburpp.Users -->
