<?xml version="1.0" encoding="UTF-8"?>
<!-- Generated by org.testng.reporters.JUnitReportReporter -->
<testsuite hostname="DESKTOP-6O6VN48" name="Negativeburpp.Burpplogin" tests="1" failures="0" timestamp="26 Oct 2016 09:07:39 GMT" time="17.103" errors="0">
  <testcase name="order" time="17.103" classname="Negativeburpp.Burpplogin"/>
</testsuite> <!-- Negativeburpp.Burpplogin -->
